<?xml version="1.0" encoding="UTF-8"?>
<!-- Generated by org.testng.reporters.JUnitXMLReporter -->
<testsuite ignored="0" hostname="LAPTOP-Q3H0N5IM" failures="0" tests="6" name="Test" time="0.155" errors="0" timestamp="2021-10-08T19:07:16 IST">
  <testcase classname="qaclickacademy.MavenJava.SeleniumTest" name="BrowserAutomation" time="0.019"/>
  <testcase classname="qaclickacademy.MavenJava.SeleniumTest" name="elementsUI" time="0.015"/>
  <testcase classname="qaclickacademy.MavenJava.AppiumTest" name="IOSApps" time="0.003"/>
  <testcase classname="qaclickacademy.MavenJava.AppiumTest" name="NativeAppAndroid" time="0.003"/>
  <testcase classname="qaclickacademy.MavenJava.RestAPI" name="deleteTwitter" time="0.002"/>
  <testcase classname="qaclickacademy.MavenJava.RestAPI" name="postJira" time="0.001"/>
</testsuite> <!-- Test -->
