<?xml version="1.0" encoding="UTF-8"?>
<!-- Generated by org.testng.reporters.JUnitXMLReporter -->
<testsuite hostname="LAPTOP-Q3H0N5IM" name="Test" tests="4" failures="0" timestamp="9 Oct 2021 12:33:11 GMT" time="0.065" errors="0">
  <testcase name="BrowserAutomation" time="0.023" classname="qaclickacademy.MavenJava.SeleniumTest"/>
  <testcase name="elementsUI" time="0.001" classname="qaclickacademy.MavenJava.SeleniumTest"/>
  <testcase name="IOSApps" time="0.001" classname="qaclickacademy.MavenJava.AppiumTest"/>
  <testcase name="NativeAppAndroid" time="0.009" classname="qaclickacademy.MavenJava.AppiumTest"/>
</testsuite> <!-- Test -->
