<?xml version="1.0" encoding="UTF-8"?>
<testng-results ignored="0" total="6" passed="6" failed="0" skipped="0">
  <reporter-output>
  </reporter-output>
  <suite started-at="2021-10-08T19:07:16 IST" name="Suite" finished-at="2021-10-08T19:07:16 IST" duration-ms="155">
    <groups>
    </groups>
    <test started-at="2021-10-08T19:07:16 IST" name="Test" finished-at="2021-10-08T19:07:16 IST" duration-ms="155">
      <class name="qaclickacademy.MavenJava.SeleniumTest">
        <test-method signature="BrowserAutomation()[pri:0, instance:qaclickacademy.MavenJava.SeleniumTest@54bff557]" started-at="2021-10-08T19:07:16 IST" name="BrowserAutomation" finished-at="2021-10-08T19:07:16 IST" duration-ms="19" status="PASS">
          <reporter-output>
          </reporter-output>
        </test-method> <!-- BrowserAutomation -->
        <test-method signature="elementsUI()[pri:0, instance:qaclickacademy.MavenJava.SeleniumTest@54bff557]" started-at="2021-10-08T19:07:16 IST" name="elementsUI" finished-at="2021-10-08T19:07:16 IST" duration-ms="15" status="PASS">
          <reporter-output>
          </reporter-output>
        </test-method> <!-- elementsUI -->
      </class> <!-- qaclickacademy.MavenJava.SeleniumTest -->
      <class name="qaclickacademy.MavenJava.AppiumTest">
        <test-method signature="IOSApps()[pri:0, instance:qaclickacademy.MavenJava.AppiumTest@7bab3f1a]" started-at="2021-10-08T19:07:16 IST" name="IOSApps" finished-at="2021-10-08T19:07:16 IST" duration-ms="3" status="PASS">
          <reporter-output>
          </reporter-output>
        </test-method> <!-- IOSApps -->
        <test-method signature="NativeAppAndroid()[pri:0, instance:qaclickacademy.MavenJava.AppiumTest@7bab3f1a]" started-at="2021-10-08T19:07:16 IST" name="NativeAppAndroid" finished-at="2021-10-08T19:07:16 IST" duration-ms="3" status="PASS">
          <reporter-output>
          </reporter-output>
        </test-method> <!-- NativeAppAndroid -->
      </class> <!-- qaclickacademy.MavenJava.AppiumTest -->
      <class name="qaclickacademy.MavenJava.RestAPI">
        <test-method signature="deleteTwitter()[pri:0, instance:qaclickacademy.MavenJava.RestAPI@437da279]" started-at="2021-10-08T19:07:16 IST" name="deleteTwitter" finished-at="2021-10-08T19:07:16 IST" duration-ms="2" status="PASS">
          <reporter-output>
          </reporter-output>
        </test-method> <!-- deleteTwitter -->
        <test-method signature="postJira()[pri:0, instance:qaclickacademy.MavenJava.RestAPI@437da279]" started-at="2021-10-08T19:07:16 IST" name="postJira" finished-at="2021-10-08T19:07:16 IST" duration-ms="1" status="PASS">
          <reporter-output>
          </reporter-output>
        </test-method> <!-- postJira -->
      </class> <!-- qaclickacademy.MavenJava.RestAPI -->
    </test> <!-- Test -->
  </suite> <!-- Suite -->
</testng-results>
